<?xml version="1.0" encoding="UTF-8"?>
<!-- Generated by org.testng.reporters.JUnitReportReporter -->
<testsuite hostname="DESKTOP-5EVK54D" failures="0" tests="1" name="basics.GET_ListUsers" time="5.272" errors="0" timestamp="2023-09-12T08:24:07 IST" skipped="0">
  <testcase classname="basics.GET_ListUsers" name="getUserDetails" time="5.272"/>
  <system-out/>
</testsuite> <!-- basics.GET_ListUsers -->
